SF:lib\dto\landing_page_dto.dart
DA:7,1
LF:1
LH:1
end_of_record
SF:lib\reposervices\user_repo_services.dart
DA:6,0
DA:9,0
DA:10,0
DA:11,0
LF:4
LH:0
end_of_record
SF:lib\controller\admin_controllers\landing_page_admin_controller.dart
DA:12,1
DA:14,1
DA:16,2
DA:18,1
DA:19,1
DA:20,1
DA:21,1
DA:22,1
DA:25,1
DA:33,1
DA:42,1
DA:44,2
DA:47,2
DA:48,2
DA:49,2
DA:53,2
DA:55,1
DA:65,0
DA:68,0
DA:69,0
DA:71,0
DA:74,0
LF:22
LH:17
end_of_record
SF:lib\models\User.dart
DA:12,0
DA:22,0
DA:24,0
DA:25,0
DA:26,0
DA:27,0
DA:28,0
DA:29,0
DA:30,0
DA:31,0
DA:33,0
DA:46,0
DA:47,0
DA:48,0
DA:49,0
DA:50,0
DA:51,0
DA:52,0
DA:53,0
DA:54,0
DA:58,0
DA:60,0
DA:61,0
DA:63,0
DA:67,0
DA:69,0
DA:70,0
DA:71,0
DA:72,0
DA:79,0
DA:81,0
DA:82,0
DA:84,0
LF:33
LH:0
end_of_record
