SF:lib/models/ProfessionalExperience.dart
DA:14,2
DA:25,0
DA:27,0
DA:28,0
DA:29,0
DA:30,0
DA:31,0
DA:32,0
DA:33,0
DA:34,0
DA:36,0
DA:37,0
DA:51,1
DA:52,1
DA:53,1
DA:54,1
DA:55,1
DA:56,1
DA:57,1
DA:58,1
DA:59,1
DA:60,1
DA:64,0
DA:66,0
DA:67,0
DA:68,0
DA:70,0
DA:74,0
DA:76,0
DA:77,0
DA:78,0
DA:79,0
DA:86,0
DA:88,0
DA:89,0
DA:91,0
LF:36
LH:11
end_of_record
SF:lib/reposervice/professional_experience_repo_services.dart
DA:6,0
DA:9,0
DA:10,0
DA:11,0
DA:12,0
DA:15,0
LF:6
LH:0
end_of_record
SF:lib/controller/admin_controllers/professional_experience_section_admin_controller.dart
DA:9,1
DA:11,1
DA:13,2
DA:20,1
DA:22,2
DA:24,1
DA:25,3
DA:26,3
DA:27,3
DA:28,3
DA:29,3
DA:30,3
DA:31,3
DA:33,2
DA:43,0
DA:46,0
DA:47,0
DA:49,0
DA:52,0
LF:19
LH:14
end_of_record
SF:lib/reposervice/user_repo_services.dart
DA:6,0
DA:9,0
DA:10,0
DA:11,0
LF:4
LH:0
end_of_record
SF:lib/controller/admin_controllers/landing_page_admin_controller.dart
DA:11,1
DA:13,1
DA:15,2
DA:17,1
DA:18,1
DA:19,1
DA:20,1
DA:21,1
DA:24,1
DA:32,1
DA:41,1
DA:43,2
DA:46,2
DA:47,2
DA:48,2
DA:52,2
DA:54,1
DA:64,0
DA:67,0
DA:68,0
DA:70,0
DA:73,0
LF:22
LH:17
end_of_record
SF:lib/dto/landing_page_dto.dart
DA:7,2
LF:1
LH:1
end_of_record
SF:lib/models/User.dart
DA:12,0
DA:22,0
DA:24,0
DA:25,0
DA:26,0
DA:27,0
DA:28,0
DA:29,0
DA:30,0
DA:31,0
DA:33,0
DA:46,0
DA:47,0
DA:48,0
DA:49,0
DA:50,0
DA:51,0
DA:52,0
DA:53,0
DA:54,0
DA:58,0
DA:60,0
DA:61,0
DA:63,0
DA:67,0
DA:69,0
DA:70,0
DA:71,0
DA:72,0
DA:79,0
DA:81,0
DA:82,0
DA:84,0
LF:33
LH:0
end_of_record
SF:lib/controller/view_controllers/landing_page_controller.dart
DA:9,1
DA:11,1
DA:13,2
DA:15,1
DA:16,1
DA:17,1
DA:18,1
DA:19,1
DA:22,1
DA:30,0
LF:10
LH:9
end_of_record
